[25-Jun-2018 17:41:35 UTC]  - - - - - - - - - - - - - - - - 
[25-Jun-2018 17:41:35 UTC] PHP Parse error:  syntax error, unexpected '$arr' (T_VARIABLE) in /Users/iancampbell/Sites/nelson_demo/includes/simplified.inc.php on line 4
[25-Jun-2018 17:42:28 UTC]  - - - - - - - - - - - - - - - - 
[25-Jun-2018 17:43:42 UTC]  - - - - - - - - - - - - - - - - 
[25-Jun-2018 17:43:59 UTC]  - - - - - - - - - - - - - - - - 
[25-Jun-2018 17:43:59 UTC] PHP Warning:  PDO::__construct(): MySQL server has gone away in /Users/iancampbell/Sites/nelson_demo/includes/dbtools.inc.php on line 25
[25-Jun-2018 17:44:10 UTC]  - - - - - - - - - - - - - - - - 
[25-Jun-2018 17:44:13 UTC]  - - - - - - - - - - - - - - - - 
[25-Jun-2018 17:44:15 UTC]  - - - - - - - - - - - - - - - - 
[25-Jun-2018 17:44:39 UTC]  - - - - - - - - - - - - - - - - 
[25-Jun-2018 17:44:39 UTC] PHP Parse error:  syntax error, unexpected '$arr' (T_VARIABLE) in /Users/iancampbell/Sites/nelson_demo/includes/simplified.inc.php on line 6
[25-Jun-2018 17:55:13 UTC]  - - - - - - - - - - - - - - - - 
[25-Jun-2018 17:55:13 UTC] PHP Parse error:  syntax error, unexpected '$arr' (T_VARIABLE) in /Users/iancampbell/Sites/nelson_demo/includes/simplified.inc.php on line 6
[25-Jun-2018 17:57:05 UTC]  - - - - - - - - - - - - - - - - 
[25-Jun-2018 17:57:05 UTC] PHP Notice:  Undefined index: academics in /Users/iancampbell/Sites/nelson_demo/includes/simplified.inc.php on line 5
[25-Jun-2018 17:57:05 UTC] PHP Notice:  Undefined index: academics in /Users/iancampbell/Sites/nelson_demo/includes/simplified.inc.php on line 6
[25-Jun-2018 17:57:05 UTC] PHP Notice:  Undefined index: academics in /Users/iancampbell/Sites/nelson_demo/includes/simplified.inc.php on line 8
[25-Jun-2018 17:57:05 UTC] PHP Notice:  Undefined index: academics in /Users/iancampbell/Sites/nelson_demo/includes/simplified.inc.php on line 9
[25-Jun-2018 17:57:05 UTC] PHP Notice:  Undefined index: academics in /Users/iancampbell/Sites/nelson_demo/includes/simplified.inc.php on line 10
[25-Jun-2018 17:57:05 UTC] PHP Notice:  Undefined index: academics in /Users/iancampbell/Sites/nelson_demo/includes/simplified.inc.php on line 11
[25-Jun-2018 17:57:05 UTC] PHP Notice:  Undefined index: academics in /Users/iancampbell/Sites/nelson_demo/includes/simplified.inc.php on line 12
[25-Jun-2018 17:57:05 UTC] PHP Notice:  Undefined index: academics in /Users/iancampbell/Sites/nelson_demo/includes/simplified.inc.php on line 13
[25-Jun-2018 17:57:05 UTC] PHP Notice:  Undefined index: academics in /Users/iancampbell/Sites/nelson_demo/includes/simplified.inc.php on line 14
[25-Jun-2018 17:57:05 UTC] PHP Notice:  Undefined index: academics in /Users/iancampbell/Sites/nelson_demo/includes/simplified.inc.php on line 15
[25-Jun-2018 17:57:05 UTC] PHP Notice:  Undefined index: academics in /Users/iancampbell/Sites/nelson_demo/includes/simplified.inc.php on line 17
[25-Jun-2018 17:57:05 UTC] PHP Notice:  Undefined index: academics in /Users/iancampbell/Sites/nelson_demo/includes/simplified.inc.php on line 18
[25-Jun-2018 17:57:05 UTC] PHP Notice:  Undefined index: academics in /Users/iancampbell/Sites/nelson_demo/includes/simplified.inc.php on line 19
[25-Jun-2018 17:57:05 UTC] PHP Notice:  Undefined index: academics in /Users/iancampbell/Sites/nelson_demo/includes/simplified.inc.php on line 20
[25-Jun-2018 17:57:05 UTC] PHP Notice:  Undefined index: academics in /Users/iancampbell/Sites/nelson_demo/includes/simplified.inc.php on line 21
[25-Jun-2018 17:57:05 UTC] PHP Notice:  Undefined index: academics in /Users/iancampbell/Sites/nelson_demo/includes/simplified.inc.php on line 22
[25-Jun-2018 17:57:05 UTC] PHP Notice:  Undefined index: academics in /Users/iancampbell/Sites/nelson_demo/includes/simplified.inc.php on line 23
[25-Jun-2018 17:57:05 UTC] PHP Notice:  Undefined index: academics in /Users/iancampbell/Sites/nelson_demo/includes/simplified.inc.php on line 25
[25-Jun-2018 17:57:05 UTC] PHP Notice:  Undefined index: academics in /Users/iancampbell/Sites/nelson_demo/includes/simplified.inc.php on line 26
[25-Jun-2018 17:57:05 UTC] PHP Notice:  Undefined index: academics in /Users/iancampbell/Sites/nelson_demo/includes/simplified.inc.php on line 27
[25-Jun-2018 17:57:05 UTC] PHP Notice:  Undefined index: academics in /Users/iancampbell/Sites/nelson_demo/includes/simplified.inc.php on line 28
[25-Jun-2018 17:57:05 UTC] PHP Notice:  Undefined index: academics in /Users/iancampbell/Sites/nelson_demo/includes/simplified.inc.php on line 29
[25-Jun-2018 17:57:05 UTC] PHP Notice:  Undefined index: academics in /Users/iancampbell/Sites/nelson_demo/includes/simplified.inc.php on line 30
[25-Jun-2018 17:57:05 UTC] PHP Notice:  Undefined index: academics in /Users/iancampbell/Sites/nelson_demo/includes/simplified.inc.php on line 32
[25-Jun-2018 17:57:05 UTC] PHP Notice:  Undefined index: academics in /Users/iancampbell/Sites/nelson_demo/includes/simplified.inc.php on line 33
[25-Jun-2018 17:57:05 UTC] PHP Notice:  Undefined index: academics in /Users/iancampbell/Sites/nelson_demo/includes/simplified.inc.php on line 34
[25-Jun-2018 17:57:05 UTC] PHP Notice:  Undefined index: academics in /Users/iancampbell/Sites/nelson_demo/includes/simplified.inc.php on line 35
[25-Jun-2018 17:57:05 UTC] PHP Notice:  Undefined index: academics in /Users/iancampbell/Sites/nelson_demo/includes/simplified.inc.php on line 36
[25-Jun-2018 17:57:05 UTC] PHP Notice:  Undefined index: academics in /Users/iancampbell/Sites/nelson_demo/includes/simplified.inc.php on line 38
[25-Jun-2018 17:57:05 UTC] PHP Notice:  Undefined index: academics in /Users/iancampbell/Sites/nelson_demo/includes/simplified.inc.php on line 39
[25-Jun-2018 17:57:05 UTC] PHP Notice:  Undefined index: academics in /Users/iancampbell/Sites/nelson_demo/includes/simplified.inc.php on line 40
[25-Jun-2018 17:57:05 UTC] PHP Notice:  Undefined index: academics in /Users/iancampbell/Sites/nelson_demo/includes/simplified.inc.php on line 41
[25-Jun-2018 17:57:05 UTC] PHP Notice:  Undefined index: academics in /Users/iancampbell/Sites/nelson_demo/includes/simplified.inc.php on line 43
[25-Jun-2018 17:57:05 UTC] PHP Notice:  Undefined index: academics in /Users/iancampbell/Sites/nelson_demo/includes/simplified.inc.php on line 44
[25-Jun-2018 17:57:05 UTC] PHP Notice:  Undefined index: academics in /Users/iancampbell/Sites/nelson_demo/includes/simplified.inc.php on line 45
[25-Jun-2018 17:57:05 UTC] PHP Notice:  Undefined index: academics in /Users/iancampbell/Sites/nelson_demo/includes/simplified.inc.php on line 46
[25-Jun-2018 17:57:05 UTC] PHP Notice:  Undefined index: academics in /Users/iancampbell/Sites/nelson_demo/includes/simplified.inc.php on line 47
[25-Jun-2018 17:57:05 UTC] PHP Notice:  Undefined index: academics in /Users/iancampbell/Sites/nelson_demo/includes/simplified.inc.php on line 48
[25-Jun-2018 17:57:05 UTC] PHP Notice:  Undefined index: academics in /Users/iancampbell/Sites/nelson_demo/includes/simplified.inc.php on line 50
[25-Jun-2018 17:57:05 UTC] PHP Notice:  Undefined index: academics in /Users/iancampbell/Sites/nelson_demo/includes/simplified.inc.php on line 51
[25-Jun-2018 17:57:05 UTC] PHP Notice:  Undefined index: academics in /Users/iancampbell/Sites/nelson_demo/includes/simplified.inc.php on line 52
[25-Jun-2018 17:57:05 UTC] PHP Notice:  Undefined index: academics in /Users/iancampbell/Sites/nelson_demo/includes/simplified.inc.php on line 53
[25-Jun-2018 17:57:05 UTC] PHP Notice:  Undefined index: academics in /Users/iancampbell/Sites/nelson_demo/includes/simplified.inc.php on line 54
[25-Jun-2018 17:57:05 UTC] PHP Notice:  Undefined index: academics in /Users/iancampbell/Sites/nelson_demo/includes/simplified.inc.php on line 55
[25-Jun-2018 17:57:05 UTC] PHP Notice:  Undefined index: academics in /Users/iancampbell/Sites/nelson_demo/includes/simplified.inc.php on line 56
[25-Jun-2018 17:57:05 UTC] PHP Notice:  Undefined index: academics in /Users/iancampbell/Sites/nelson_demo/includes/simplified.inc.php on line 58
[25-Jun-2018 17:57:05 UTC] PHP Notice:  Undefined index: academics in /Users/iancampbell/Sites/nelson_demo/includes/simplified.inc.php on line 59
[25-Jun-2018 17:57:05 UTC] PHP Notice:  Undefined index: academics in /Users/iancampbell/Sites/nelson_demo/includes/simplified.inc.php on line 60
[25-Jun-2018 17:57:05 UTC] PHP Notice:  Undefined index: academics in /Users/iancampbell/Sites/nelson_demo/includes/simplified.inc.php on line 61
[25-Jun-2018 17:57:05 UTC] PHP Notice:  Undefined index: academics in /Users/iancampbell/Sites/nelson_demo/includes/simplified.inc.php on line 62
[25-Jun-2018 17:57:05 UTC] PHP Notice:  Undefined index: academics in /Users/iancampbell/Sites/nelson_demo/includes/simplified.inc.php on line 63
[25-Jun-2018 17:57:05 UTC] PHP Notice:  Undefined index: academics in /Users/iancampbell/Sites/nelson_demo/includes/simplified.inc.php on line 64
[25-Jun-2018 17:57:05 UTC] PHP Notice:  Undefined index: academics in /Users/iancampbell/Sites/nelson_demo/includes/simplified.inc.php on line 65
[25-Jun-2018 17:57:05 UTC] PHP Notice:  Undefined index: academics in /Users/iancampbell/Sites/nelson_demo/includes/simplified.inc.php on line 66
[25-Jun-2018 17:57:05 UTC] PHP Notice:  Undefined index: academics in /Users/iancampbell/Sites/nelson_demo/includes/simplified.inc.php on line 68
[25-Jun-2018 17:57:05 UTC] PHP Notice:  Undefined index: academics in /Users/iancampbell/Sites/nelson_demo/includes/simplified.inc.php on line 69
[25-Jun-2018 17:57:05 UTC] PHP Notice:  Undefined index: academics in /Users/iancampbell/Sites/nelson_demo/includes/simplified.inc.php on line 70
[25-Jun-2018 17:57:05 UTC] PHP Notice:  Undefined index: academics in /Users/iancampbell/Sites/nelson_demo/includes/simplified.inc.php on line 71
[25-Jun-2018 17:57:05 UTC] PHP Notice:  Undefined index: academics in /Users/iancampbell/Sites/nelson_demo/includes/simplified.inc.php on line 73
[25-Jun-2018 17:57:05 UTC] PHP Notice:  Undefined index: academics in /Users/iancampbell/Sites/nelson_demo/includes/simplified.inc.php on line 74
[25-Jun-2018 17:57:05 UTC] PHP Notice:  Undefined index: academics in /Users/iancampbell/Sites/nelson_demo/includes/simplified.inc.php on line 75
[25-Jun-2018 17:57:05 UTC] PHP Notice:  Undefined index: academics in /Users/iancampbell/Sites/nelson_demo/includes/simplified.inc.php on line 76
[25-Jun-2018 17:57:05 UTC] PHP Notice:  Undefined index: academics in /Users/iancampbell/Sites/nelson_demo/includes/simplified.inc.php on line 77
[25-Jun-2018 17:57:05 UTC] PHP Notice:  Undefined index: academics in /Users/iancampbell/Sites/nelson_demo/includes/simplified.inc.php on line 78
[25-Jun-2018 17:57:05 UTC] PHP Notice:  Undefined index: academics in /Users/iancampbell/Sites/nelson_demo/includes/simplified.inc.php on line 79
[25-Jun-2018 17:57:05 UTC] PHP Notice:  Undefined index: academics in /Users/iancampbell/Sites/nelson_demo/includes/simplified.inc.php on line 80
[25-Jun-2018 17:57:05 UTC] PHP Notice:  Undefined index: academics in /Users/iancampbell/Sites/nelson_demo/includes/simplified.inc.php on line 81
[25-Jun-2018 17:57:05 UTC] PHP Notice:  Undefined index: academics in /Users/iancampbell/Sites/nelson_demo/includes/simplified.inc.php on line 82
[25-Jun-2018 17:57:05 UTC] PHP Notice:  Undefined index: academics in /Users/iancampbell/Sites/nelson_demo/includes/simplified.inc.php on line 83
[25-Jun-2018 17:57:05 UTC] PHP Notice:  Undefined index: academics in /Users/iancampbell/Sites/nelson_demo/includes/simplified.inc.php on line 85
[25-Jun-2018 17:57:05 UTC] PHP Notice:  Undefined index: academics in /Users/iancampbell/Sites/nelson_demo/includes/simplified.inc.php on line 86
[25-Jun-2018 17:57:05 UTC] PHP Notice:  Undefined index: academics in /Users/iancampbell/Sites/nelson_demo/includes/simplified.inc.php on line 87
[25-Jun-2018 17:57:05 UTC] PHP Notice:  Undefined index: academics in /Users/iancampbell/Sites/nelson_demo/includes/simplified.inc.php on line 88
[25-Jun-2018 17:57:05 UTC] PHP Notice:  Undefined index: academics in /Users/iancampbell/Sites/nelson_demo/includes/simplified.inc.php on line 89
[25-Jun-2018 17:57:05 UTC] PHP Notice:  Undefined index: academics in /Users/iancampbell/Sites/nelson_demo/includes/simplified.inc.php on line 90
[25-Jun-2018 17:57:05 UTC] PHP Notice:  Undefined index: academics in /Users/iancampbell/Sites/nelson_demo/includes/simplified.inc.php on line 91
[25-Jun-2018 17:57:05 UTC] PHP Notice:  Undefined index: academics in /Users/iancampbell/Sites/nelson_demo/includes/simplified.inc.php on line 92
[25-Jun-2018 17:57:05 UTC] PHP Notice:  Undefined index: academics in /Users/iancampbell/Sites/nelson_demo/includes/simplified.inc.php on line 94
[25-Jun-2018 17:57:05 UTC] PHP Notice:  Undefined index: academics in /Users/iancampbell/Sites/nelson_demo/includes/simplified.inc.php on line 95
[25-Jun-2018 17:57:05 UTC] PHP Notice:  Undefined index: academics in /Users/iancampbell/Sites/nelson_demo/includes/simplified.inc.php on line 96
[25-Jun-2018 17:57:05 UTC] PHP Notice:  Undefined index: academics in /Users/iancampbell/Sites/nelson_demo/includes/simplified.inc.php on line 97
[25-Jun-2018 17:57:05 UTC] PHP Notice:  Undefined index: academics in /Users/iancampbell/Sites/nelson_demo/includes/simplified.inc.php on line 98
[25-Jun-2018 17:57:05 UTC] PHP Notice:  Undefined index: academics in /Users/iancampbell/Sites/nelson_demo/includes/simplified.inc.php on line 99
[25-Jun-2018 17:59:16 UTC]  - - - - - - - - - - - - - - - - 
[25-Jun-2018 17:59:16 UTC] PHP Notice:  Undefined index: academics in /Users/iancampbell/Sites/nelson_demo/includes/simplified.inc.php on line 5
[25-Jun-2018 17:59:16 UTC] PHP Notice:  Undefined index: academics in /Users/iancampbell/Sites/nelson_demo/includes/simplified.inc.php on line 6
[25-Jun-2018 17:59:16 UTC] PHP Notice:  Undefined index: academics in /Users/iancampbell/Sites/nelson_demo/includes/simplified.inc.php on line 8
[25-Jun-2018 17:59:16 UTC] PHP Notice:  Undefined index: academics in /Users/iancampbell/Sites/nelson_demo/includes/simplified.inc.php on line 9
[25-Jun-2018 17:59:16 UTC] PHP Notice:  Undefined index: academics in /Users/iancampbell/Sites/nelson_demo/includes/simplified.inc.php on line 10
[25-Jun-2018 17:59:16 UTC] PHP Notice:  Undefined index: academics in /Users/iancampbell/Sites/nelson_demo/includes/simplified.inc.php on line 11
[25-Jun-2018 17:59:16 UTC] PHP Notice:  Undefined index: academics in /Users/iancampbell/Sites/nelson_demo/includes/simplified.inc.php on line 12
[25-Jun-2018 17:59:16 UTC] PHP Notice:  Undefined index: academics in /Users/iancampbell/Sites/nelson_demo/includes/simplified.inc.php on line 13
[25-Jun-2018 17:59:16 UTC] PHP Notice:  Undefined index: academics in /Users/iancampbell/Sites/nelson_demo/includes/simplified.inc.php on line 14
[25-Jun-2018 17:59:16 UTC] PHP Notice:  Undefined index: academics in /Users/iancampbell/Sites/nelson_demo/includes/simplified.inc.php on line 15
[25-Jun-2018 17:59:16 UTC] PHP Notice:  Undefined index: academics in /Users/iancampbell/Sites/nelson_demo/includes/simplified.inc.php on line 17
[25-Jun-2018 17:59:16 UTC] PHP Notice:  Undefined index: academics in /Users/iancampbell/Sites/nelson_demo/includes/simplified.inc.php on line 18
[25-Jun-2018 17:59:16 UTC] PHP Notice:  Undefined index: academics in /Users/iancampbell/Sites/nelson_demo/includes/simplified.inc.php on line 19
[25-Jun-2018 17:59:16 UTC] PHP Notice:  Undefined index: academics in /Users/iancampbell/Sites/nelson_demo/includes/simplified.inc.php on line 20
[25-Jun-2018 17:59:16 UTC] PHP Notice:  Undefined index: academics in /Users/iancampbell/Sites/nelson_demo/includes/simplified.inc.php on line 21
[25-Jun-2018 17:59:16 UTC] PHP Notice:  Undefined index: academics in /Users/iancampbell/Sites/nelson_demo/includes/simplified.inc.php on line 22
[25-Jun-2018 17:59:16 UTC] PHP Notice:  Undefined index: academics in /Users/iancampbell/Sites/nelson_demo/includes/simplified.inc.php on line 23
[25-Jun-2018 17:59:16 UTC] PHP Notice:  Undefined index: academics in /Users/iancampbell/Sites/nelson_demo/includes/simplified.inc.php on line 25
[25-Jun-2018 17:59:16 UTC] PHP Notice:  Undefined index: academics in /Users/iancampbell/Sites/nelson_demo/includes/simplified.inc.php on line 26
[25-Jun-2018 17:59:16 UTC] PHP Notice:  Undefined index: academics in /Users/iancampbell/Sites/nelson_demo/includes/simplified.inc.php on line 27
[25-Jun-2018 17:59:16 UTC] PHP Notice:  Undefined index: academics in /Users/iancampbell/Sites/nelson_demo/includes/simplified.inc.php on line 28
[25-Jun-2018 17:59:16 UTC] PHP Notice:  Undefined index: academics in /Users/iancampbell/Sites/nelson_demo/includes/simplified.inc.php on line 29
[25-Jun-2018 17:59:16 UTC] PHP Notice:  Undefined index: academics in /Users/iancampbell/Sites/nelson_demo/includes/simplified.inc.php on line 30
[25-Jun-2018 17:59:16 UTC] PHP Notice:  Undefined index: academics in /Users/iancampbell/Sites/nelson_demo/includes/simplified.inc.php on line 32
[25-Jun-2018 17:59:16 UTC] PHP Notice:  Undefined index: academics in /Users/iancampbell/Sites/nelson_demo/includes/simplified.inc.php on line 33
[25-Jun-2018 17:59:16 UTC] PHP Notice:  Undefined index: academics in /Users/iancampbell/Sites/nelson_demo/includes/simplified.inc.php on line 34
[25-Jun-2018 17:59:16 UTC] PHP Notice:  Undefined index: academics in /Users/iancampbell/Sites/nelson_demo/includes/simplified.inc.php on line 35
[25-Jun-2018 17:59:16 UTC] PHP Notice:  Undefined index: academics in /Users/iancampbell/Sites/nelson_demo/includes/simplified.inc.php on line 36
[25-Jun-2018 17:59:16 UTC] PHP Notice:  Undefined index: academics in /Users/iancampbell/Sites/nelson_demo/includes/simplified.inc.php on line 38
[25-Jun-2018 17:59:16 UTC] PHP Notice:  Undefined index: academics in /Users/iancampbell/Sites/nelson_demo/includes/simplified.inc.php on line 39
[25-Jun-2018 17:59:16 UTC] PHP Notice:  Undefined index: academics in /Users/iancampbell/Sites/nelson_demo/includes/simplified.inc.php on line 40
[25-Jun-2018 17:59:16 UTC] PHP Notice:  Undefined index: academics in /Users/iancampbell/Sites/nelson_demo/includes/simplified.inc.php on line 41
[25-Jun-2018 17:59:16 UTC] PHP Notice:  Undefined index: academics in /Users/iancampbell/Sites/nelson_demo/includes/simplified.inc.php on line 43
[25-Jun-2018 17:59:16 UTC] PHP Notice:  Undefined index: academics in /Users/iancampbell/Sites/nelson_demo/includes/simplified.inc.php on line 44
[25-Jun-2018 17:59:16 UTC] PHP Notice:  Undefined index: academics in /Users/iancampbell/Sites/nelson_demo/includes/simplified.inc.php on line 45
[25-Jun-2018 17:59:16 UTC] PHP Notice:  Undefined index: academics in /Users/iancampbell/Sites/nelson_demo/includes/simplified.inc.php on line 46
[25-Jun-2018 17:59:16 UTC] PHP Notice:  Undefined index: academics in /Users/iancampbell/Sites/nelson_demo/includes/simplified.inc.php on line 47
[25-Jun-2018 17:59:16 UTC] PHP Notice:  Undefined index: academics in /Users/iancampbell/Sites/nelson_demo/includes/simplified.inc.php on line 48
[25-Jun-2018 17:59:16 UTC] PHP Notice:  Undefined index: academics in /Users/iancampbell/Sites/nelson_demo/includes/simplified.inc.php on line 50
[25-Jun-2018 17:59:16 UTC] PHP Notice:  Undefined index: academics in /Users/iancampbell/Sites/nelson_demo/includes/simplified.inc.php on line 51
[25-Jun-2018 17:59:16 UTC] PHP Notice:  Undefined index: academics in /Users/iancampbell/Sites/nelson_demo/includes/simplified.inc.php on line 52
[25-Jun-2018 17:59:16 UTC] PHP Notice:  Undefined index: academics in /Users/iancampbell/Sites/nelson_demo/includes/simplified.inc.php on line 53
[25-Jun-2018 17:59:16 UTC] PHP Notice:  Undefined index: academics in /Users/iancampbell/Sites/nelson_demo/includes/simplified.inc.php on line 54
[25-Jun-2018 17:59:16 UTC] PHP Notice:  Undefined index: academics in /Users/iancampbell/Sites/nelson_demo/includes/simplified.inc.php on line 55
[25-Jun-2018 17:59:16 UTC] PHP Notice:  Undefined index: academics in /Users/iancampbell/Sites/nelson_demo/includes/simplified.inc.php on line 56
[25-Jun-2018 17:59:16 UTC] PHP Notice:  Undefined index: academics in /Users/iancampbell/Sites/nelson_demo/includes/simplified.inc.php on line 58
[25-Jun-2018 17:59:16 UTC] PHP Notice:  Undefined index: academics in /Users/iancampbell/Sites/nelson_demo/includes/simplified.inc.php on line 59
[25-Jun-2018 17:59:16 UTC] PHP Notice:  Undefined index: academics in /Users/iancampbell/Sites/nelson_demo/includes/simplified.inc.php on line 60
[25-Jun-2018 17:59:16 UTC] PHP Notice:  Undefined index: academics in /Users/iancampbell/Sites/nelson_demo/includes/simplified.inc.php on line 61
[25-Jun-2018 17:59:16 UTC] PHP Notice:  Undefined index: academics in /Users/iancampbell/Sites/nelson_demo/includes/simplified.inc.php on line 62
[25-Jun-2018 17:59:16 UTC] PHP Notice:  Undefined index: academics in /Users/iancampbell/Sites/nelson_demo/includes/simplified.inc.php on line 63
[25-Jun-2018 17:59:16 UTC] PHP Notice:  Undefined index: academics in /Users/iancampbell/Sites/nelson_demo/includes/simplified.inc.php on line 64
[25-Jun-2018 17:59:16 UTC] PHP Notice:  Undefined index: academics in /Users/iancampbell/Sites/nelson_demo/includes/simplified.inc.php on line 65
[25-Jun-2018 17:59:16 UTC] PHP Notice:  Undefined index: academics in /Users/iancampbell/Sites/nelson_demo/includes/simplified.inc.php on line 66
[25-Jun-2018 17:59:16 UTC] PHP Notice:  Undefined index: academics in /Users/iancampbell/Sites/nelson_demo/includes/simplified.inc.php on line 68
[25-Jun-2018 17:59:16 UTC] PHP Notice:  Undefined index: academics in /Users/iancampbell/Sites/nelson_demo/includes/simplified.inc.php on line 69
[25-Jun-2018 17:59:16 UTC] PHP Notice:  Undefined index: academics in /Users/iancampbell/Sites/nelson_demo/includes/simplified.inc.php on line 70
[25-Jun-2018 17:59:16 UTC] PHP Notice:  Undefined index: academics in /Users/iancampbell/Sites/nelson_demo/includes/simplified.inc.php on line 71
[25-Jun-2018 17:59:16 UTC] PHP Notice:  Undefined index: academics in /Users/iancampbell/Sites/nelson_demo/includes/simplified.inc.php on line 73
[25-Jun-2018 17:59:16 UTC] PHP Notice:  Undefined index: academics in /Users/iancampbell/Sites/nelson_demo/includes/simplified.inc.php on line 74
[25-Jun-2018 17:59:16 UTC] PHP Notice:  Undefined index: academics in /Users/iancampbell/Sites/nelson_demo/includes/simplified.inc.php on line 75
[25-Jun-2018 17:59:16 UTC] PHP Notice:  Undefined index: academics in /Users/iancampbell/Sites/nelson_demo/includes/simplified.inc.php on line 76
[25-Jun-2018 17:59:16 UTC] PHP Notice:  Undefined index: academics in /Users/iancampbell/Sites/nelson_demo/includes/simplified.inc.php on line 77
[25-Jun-2018 17:59:16 UTC] PHP Notice:  Undefined index: academics in /Users/iancampbell/Sites/nelson_demo/includes/simplified.inc.php on line 78
[25-Jun-2018 17:59:16 UTC] PHP Notice:  Undefined index: academics in /Users/iancampbell/Sites/nelson_demo/includes/simplified.inc.php on line 79
[25-Jun-2018 17:59:16 UTC] PHP Notice:  Undefined index: academics in /Users/iancampbell/Sites/nelson_demo/includes/simplified.inc.php on line 80
[25-Jun-2018 17:59:16 UTC] PHP Notice:  Undefined index: academics in /Users/iancampbell/Sites/nelson_demo/includes/simplified.inc.php on line 81
[25-Jun-2018 17:59:16 UTC] PHP Notice:  Undefined index: academics in /Users/iancampbell/Sites/nelson_demo/includes/simplified.inc.php on line 82
[25-Jun-2018 17:59:16 UTC] PHP Notice:  Undefined index: academics in /Users/iancampbell/Sites/nelson_demo/includes/simplified.inc.php on line 83
[25-Jun-2018 17:59:16 UTC] PHP Notice:  Undefined index: academics in /Users/iancampbell/Sites/nelson_demo/includes/simplified.inc.php on line 85
[25-Jun-2018 17:59:16 UTC] PHP Notice:  Undefined index: academics in /Users/iancampbell/Sites/nelson_demo/includes/simplified.inc.php on line 86
[25-Jun-2018 17:59:16 UTC] PHP Notice:  Undefined index: academics in /Users/iancampbell/Sites/nelson_demo/includes/simplified.inc.php on line 87
[25-Jun-2018 17:59:16 UTC] PHP Notice:  Undefined index: academics in /Users/iancampbell/Sites/nelson_demo/includes/simplified.inc.php on line 88
[25-Jun-2018 17:59:16 UTC] PHP Notice:  Undefined index: academics in /Users/iancampbell/Sites/nelson_demo/includes/simplified.inc.php on line 89
[25-Jun-2018 17:59:16 UTC] PHP Notice:  Undefined index: academics in /Users/iancampbell/Sites/nelson_demo/includes/simplified.inc.php on line 90
[25-Jun-2018 17:59:16 UTC] PHP Notice:  Undefined index: academics in /Users/iancampbell/Sites/nelson_demo/includes/simplified.inc.php on line 91
[25-Jun-2018 17:59:16 UTC] PHP Notice:  Undefined index: academics in /Users/iancampbell/Sites/nelson_demo/includes/simplified.inc.php on line 92
[25-Jun-2018 17:59:16 UTC] PHP Notice:  Undefined index: academics in /Users/iancampbell/Sites/nelson_demo/includes/simplified.inc.php on line 94
[25-Jun-2018 17:59:16 UTC] PHP Notice:  Undefined index: academics in /Users/iancampbell/Sites/nelson_demo/includes/simplified.inc.php on line 95
[25-Jun-2018 17:59:16 UTC] PHP Notice:  Undefined index: academics in /Users/iancampbell/Sites/nelson_demo/includes/simplified.inc.php on line 96
[25-Jun-2018 17:59:16 UTC] PHP Notice:  Undefined index: academics in /Users/iancampbell/Sites/nelson_demo/includes/simplified.inc.php on line 97
[25-Jun-2018 17:59:16 UTC] PHP Notice:  Undefined index: academics in /Users/iancampbell/Sites/nelson_demo/includes/simplified.inc.php on line 98
[25-Jun-2018 17:59:16 UTC] PHP Notice:  Undefined index: academics in /Users/iancampbell/Sites/nelson_demo/includes/simplified.inc.php on line 99
[25-Jun-2018 18:01:21 UTC]  - - - - - - - - - - - - - - - - 
[25-Jun-2018 18:01:21 UTC] PHP Notice:  Undefined index: academics in /Users/iancampbell/Sites/nelson_demo/includes/simplified.inc.php on line 5
[25-Jun-2018 18:01:21 UTC] PHP Notice:  Undefined index: academics in /Users/iancampbell/Sites/nelson_demo/includes/simplified.inc.php on line 6
[25-Jun-2018 18:01:21 UTC] PHP Notice:  Undefined index: academics in /Users/iancampbell/Sites/nelson_demo/includes/simplified.inc.php on line 8
[25-Jun-2018 18:01:21 UTC] PHP Notice:  Undefined index: academics in /Users/iancampbell/Sites/nelson_demo/includes/simplified.inc.php on line 9
[25-Jun-2018 18:01:21 UTC] PHP Notice:  Undefined index: academics in /Users/iancampbell/Sites/nelson_demo/includes/simplified.inc.php on line 10
[25-Jun-2018 18:01:21 UTC] PHP Notice:  Undefined index: academics in /Users/iancampbell/Sites/nelson_demo/includes/simplified.inc.php on line 11
[25-Jun-2018 18:01:21 UTC] PHP Notice:  Undefined index: academics in /Users/iancampbell/Sites/nelson_demo/includes/simplified.inc.php on line 12
[25-Jun-2018 18:01:21 UTC] PHP Notice:  Undefined index: academics in /Users/iancampbell/Sites/nelson_demo/includes/simplified.inc.php on line 13
[25-Jun-2018 18:01:21 UTC] PHP Notice:  Undefined index: academics in /Users/iancampbell/Sites/nelson_demo/includes/simplified.inc.php on line 14
[25-Jun-2018 18:01:21 UTC] PHP Notice:  Undefined index: academics in /Users/iancampbell/Sites/nelson_demo/includes/simplified.inc.php on line 15
[25-Jun-2018 18:01:21 UTC] PHP Notice:  Undefined index: academics in /Users/iancampbell/Sites/nelson_demo/includes/simplified.inc.php on line 17
[25-Jun-2018 18:01:21 UTC] PHP Notice:  Undefined index: academics in /Users/iancampbell/Sites/nelson_demo/includes/simplified.inc.php on line 18
[25-Jun-2018 18:01:21 UTC] PHP Notice:  Undefined index: academics in /Users/iancampbell/Sites/nelson_demo/includes/simplified.inc.php on line 19
[25-Jun-2018 18:01:21 UTC] PHP Notice:  Undefined index: academics in /Users/iancampbell/Sites/nelson_demo/includes/simplified.inc.php on line 20
[25-Jun-2018 18:01:21 UTC] PHP Notice:  Undefined index: academics in /Users/iancampbell/Sites/nelson_demo/includes/simplified.inc.php on line 21
[25-Jun-2018 18:01:21 UTC] PHP Notice:  Undefined index: academics in /Users/iancampbell/Sites/nelson_demo/includes/simplified.inc.php on line 22
[25-Jun-2018 18:01:21 UTC] PHP Notice:  Undefined index: academics in /Users/iancampbell/Sites/nelson_demo/includes/simplified.inc.php on line 23
[25-Jun-2018 18:01:21 UTC] PHP Notice:  Undefined index: academics in /Users/iancampbell/Sites/nelson_demo/includes/simplified.inc.php on line 25
[25-Jun-2018 18:01:21 UTC] PHP Notice:  Undefined index: academics in /Users/iancampbell/Sites/nelson_demo/includes/simplified.inc.php on line 26
[25-Jun-2018 18:01:21 UTC] PHP Notice:  Undefined index: academics in /Users/iancampbell/Sites/nelson_demo/includes/simplified.inc.php on line 27
[25-Jun-2018 18:01:21 UTC] PHP Notice:  Undefined index: academics in /Users/iancampbell/Sites/nelson_demo/includes/simplified.inc.php on line 28
[25-Jun-2018 18:01:21 UTC] PHP Notice:  Undefined index: academics in /Users/iancampbell/Sites/nelson_demo/includes/simplified.inc.php on line 29
[25-Jun-2018 18:01:21 UTC] PHP Notice:  Undefined index: academics in /Users/iancampbell/Sites/nelson_demo/includes/simplified.inc.php on line 30
[25-Jun-2018 18:01:21 UTC] PHP Notice:  Undefined index: academics in /Users/iancampbell/Sites/nelson_demo/includes/simplified.inc.php on line 32
[25-Jun-2018 18:01:21 UTC] PHP Notice:  Undefined index: academics in /Users/iancampbell/Sites/nelson_demo/includes/simplified.inc.php on line 33
[25-Jun-2018 18:01:21 UTC] PHP Notice:  Undefined index: academics in /Users/iancampbell/Sites/nelson_demo/includes/simplified.inc.php on line 34
[25-Jun-2018 18:01:21 UTC] PHP Notice:  Undefined index: academics in /Users/iancampbell/Sites/nelson_demo/includes/simplified.inc.php on line 35
[25-Jun-2018 18:01:21 UTC] PHP Notice:  Undefined index: academics in /Users/iancampbell/Sites/nelson_demo/includes/simplified.inc.php on line 36
[25-Jun-2018 18:01:21 UTC] PHP Notice:  Undefined index: academics in /Users/iancampbell/Sites/nelson_demo/includes/simplified.inc.php on line 38
[25-Jun-2018 18:01:21 UTC] PHP Notice:  Undefined index: academics in /Users/iancampbell/Sites/nelson_demo/includes/simplified.inc.php on line 39
[25-Jun-2018 18:01:21 UTC] PHP Notice:  Undefined index: academics in /Users/iancampbell/Sites/nelson_demo/includes/simplified.inc.php on line 40
[25-Jun-2018 18:01:21 UTC] PHP Notice:  Undefined index: academics in /Users/iancampbell/Sites/nelson_demo/includes/simplified.inc.php on line 41
[25-Jun-2018 18:01:21 UTC] PHP Notice:  Undefined index: academics in /Users/iancampbell/Sites/nelson_demo/includes/simplified.inc.php on line 43
[25-Jun-2018 18:01:21 UTC] PHP Notice:  Undefined index: academics in /Users/iancampbell/Sites/nelson_demo/includes/simplified.inc.php on line 44
[25-Jun-2018 18:01:21 UTC] PHP Notice:  Undefined index: academics in /Users/iancampbell/Sites/nelson_demo/includes/simplified.inc.php on line 45
[25-Jun-2018 18:01:21 UTC] PHP Notice:  Undefined index: academics in /Users/iancampbell/Sites/nelson_demo/includes/simplified.inc.php on line 46
[25-Jun-2018 18:01:21 UTC] PHP Notice:  Undefined index: academics in /Users/iancampbell/Sites/nelson_demo/includes/simplified.inc.php on line 47
[25-Jun-2018 18:01:21 UTC] PHP Notice:  Undefined index: academics in /Users/iancampbell/Sites/nelson_demo/includes/simplified.inc.php on line 48
[25-Jun-2018 18:01:21 UTC] PHP Notice:  Undefined index: academics in /Users/iancampbell/Sites/nelson_demo/includes/simplified.inc.php on line 50
[25-Jun-2018 18:01:21 UTC] PHP Notice:  Undefined index: academics in /Users/iancampbell/Sites/nelson_demo/includes/simplified.inc.php on line 51
[25-Jun-2018 18:01:21 UTC] PHP Notice:  Undefined index: academics in /Users/iancampbell/Sites/nelson_demo/includes/simplified.inc.php on line 52
[25-Jun-2018 18:01:21 UTC] PHP Notice:  Undefined index: academics in /Users/iancampbell/Sites/nelson_demo/includes/simplified.inc.php on line 53
[25-Jun-2018 18:01:21 UTC] PHP Notice:  Undefined index: academics in /Users/iancampbell/Sites/nelson_demo/includes/simplified.inc.php on line 54
[25-Jun-2018 18:01:21 UTC] PHP Notice:  Undefined index: academics in /Users/iancampbell/Sites/nelson_demo/includes/simplified.inc.php on line 55
[25-Jun-2018 18:01:21 UTC] PHP Notice:  Undefined index: academics in /Users/iancampbell/Sites/nelson_demo/includes/simplified.inc.php on line 56
[25-Jun-2018 18:01:21 UTC] PHP Notice:  Undefined index: academics in /Users/iancampbell/Sites/nelson_demo/includes/simplified.inc.php on line 58
[25-Jun-2018 18:01:21 UTC] PHP Notice:  Undefined index: academics in /Users/iancampbell/Sites/nelson_demo/includes/simplified.inc.php on line 59
[25-Jun-2018 18:01:21 UTC] PHP Notice:  Undefined index: academics in /Users/iancampbell/Sites/nelson_demo/includes/simplified.inc.php on line 60
[25-Jun-2018 18:01:21 UTC] PHP Notice:  Undefined index: academics in /Users/iancampbell/Sites/nelson_demo/includes/simplified.inc.php on line 61
[25-Jun-2018 18:01:21 UTC] PHP Notice:  Undefined index: academics in /Users/iancampbell/Sites/nelson_demo/includes/simplified.inc.php on line 62
[25-Jun-2018 18:01:21 UTC] PHP Notice:  Undefined index: academics in /Users/iancampbell/Sites/nelson_demo/includes/simplified.inc.php on line 63
[25-Jun-2018 18:01:21 UTC] PHP Notice:  Undefined index: academics in /Users/iancampbell/Sites/nelson_demo/includes/simplified.inc.php on line 64
[25-Jun-2018 18:01:21 UTC] PHP Notice:  Undefined index: academics in /Users/iancampbell/Sites/nelson_demo/includes/simplified.inc.php on line 65
[25-Jun-2018 18:01:21 UTC] PHP Notice:  Undefined index: academics in /Users/iancampbell/Sites/nelson_demo/includes/simplified.inc.php on line 66
[25-Jun-2018 18:01:21 UTC] PHP Notice:  Undefined index: academics in /Users/iancampbell/Sites/nelson_demo/includes/simplified.inc.php on line 68
[25-Jun-2018 18:01:21 UTC] PHP Notice:  Undefined index: academics in /Users/iancampbell/Sites/nelson_demo/includes/simplified.inc.php on line 69
[25-Jun-2018 18:01:21 UTC] PHP Notice:  Undefined index: academics in /Users/iancampbell/Sites/nelson_demo/includes/simplified.inc.php on line 70
[25-Jun-2018 18:01:21 UTC] PHP Notice:  Undefined index: academics in /Users/iancampbell/Sites/nelson_demo/includes/simplified.inc.php on line 71
[25-Jun-2018 18:01:21 UTC] PHP Notice:  Undefined index: academics in /Users/iancampbell/Sites/nelson_demo/includes/simplified.inc.php on line 73
[25-Jun-2018 18:01:21 UTC] PHP Notice:  Undefined index: academics in /Users/iancampbell/Sites/nelson_demo/includes/simplified.inc.php on line 74
[25-Jun-2018 18:01:21 UTC] PHP Notice:  Undefined index: academics in /Users/iancampbell/Sites/nelson_demo/includes/simplified.inc.php on line 75
[25-Jun-2018 18:01:21 UTC] PHP Notice:  Undefined index: academics in /Users/iancampbell/Sites/nelson_demo/includes/simplified.inc.php on line 76
[25-Jun-2018 18:01:21 UTC] PHP Notice:  Undefined index: academics in /Users/iancampbell/Sites/nelson_demo/includes/simplified.inc.php on line 77
[25-Jun-2018 18:01:21 UTC] PHP Notice:  Undefined index: academics in /Users/iancampbell/Sites/nelson_demo/includes/simplified.inc.php on line 78
[25-Jun-2018 18:01:21 UTC] PHP Notice:  Undefined index: academics in /Users/iancampbell/Sites/nelson_demo/includes/simplified.inc.php on line 79
[25-Jun-2018 18:01:21 UTC] PHP Notice:  Undefined index: academics in /Users/iancampbell/Sites/nelson_demo/includes/simplified.inc.php on line 80
[25-Jun-2018 18:01:21 UTC] PHP Notice:  Undefined index: academics in /Users/iancampbell/Sites/nelson_demo/includes/simplified.inc.php on line 81
[25-Jun-2018 18:01:21 UTC] PHP Notice:  Undefined index: academics in /Users/iancampbell/Sites/nelson_demo/includes/simplified.inc.php on line 82
[25-Jun-2018 18:01:21 UTC] PHP Notice:  Undefined index: academics in /Users/iancampbell/Sites/nelson_demo/includes/simplified.inc.php on line 83
[25-Jun-2018 18:01:21 UTC] PHP Notice:  Undefined index: academics in /Users/iancampbell/Sites/nelson_demo/includes/simplified.inc.php on line 85
[25-Jun-2018 18:01:21 UTC] PHP Notice:  Undefined index: academics in /Users/iancampbell/Sites/nelson_demo/includes/simplified.inc.php on line 86
[25-Jun-2018 18:01:21 UTC] PHP Notice:  Undefined index: academics in /Users/iancampbell/Sites/nelson_demo/includes/simplified.inc.php on line 87
[25-Jun-2018 18:01:21 UTC] PHP Notice:  Undefined index: academics in /Users/iancampbell/Sites/nelson_demo/includes/simplified.inc.php on line 88
[25-Jun-2018 18:01:21 UTC] PHP Notice:  Undefined index: academics in /Users/iancampbell/Sites/nelson_demo/includes/simplified.inc.php on line 89
[25-Jun-2018 18:01:21 UTC] PHP Notice:  Undefined index: academics in /Users/iancampbell/Sites/nelson_demo/includes/simplified.inc.php on line 90
[25-Jun-2018 18:01:21 UTC] PHP Notice:  Undefined index: academics in /Users/iancampbell/Sites/nelson_demo/includes/simplified.inc.php on line 91
[25-Jun-2018 18:01:21 UTC] PHP Notice:  Undefined index: academics in /Users/iancampbell/Sites/nelson_demo/includes/simplified.inc.php on line 92
[25-Jun-2018 18:01:21 UTC] PHP Notice:  Undefined index: academics in /Users/iancampbell/Sites/nelson_demo/includes/simplified.inc.php on line 94
[25-Jun-2018 18:01:21 UTC] PHP Notice:  Undefined index: academics in /Users/iancampbell/Sites/nelson_demo/includes/simplified.inc.php on line 95
[25-Jun-2018 18:01:21 UTC] PHP Notice:  Undefined index: academics in /Users/iancampbell/Sites/nelson_demo/includes/simplified.inc.php on line 96
[25-Jun-2018 18:01:21 UTC] PHP Notice:  Undefined index: academics in /Users/iancampbell/Sites/nelson_demo/includes/simplified.inc.php on line 97
[25-Jun-2018 18:01:21 UTC] PHP Notice:  Undefined index: academics in /Users/iancampbell/Sites/nelson_demo/includes/simplified.inc.php on line 98
[25-Jun-2018 18:01:21 UTC] PHP Notice:  Undefined index: academics in /Users/iancampbell/Sites/nelson_demo/includes/simplified.inc.php on line 99
[25-Jun-2018 18:02:37 UTC]  - - - - - - - - - - - - - - - - 
[25-Jun-2018 18:51:47 UTC]  - - - - - - - - - - - - - - - - 
[25-Jun-2018 18:51:47 UTC] PHP Parse error:  syntax error, unexpected '=' in /Users/iancampbell/Sites/nelson_demo/includes/simplified.inc.php on line 3
[25-Jun-2018 18:52:24 UTC]  - - - - - - - - - - - - - - - - 
[25-Jun-2018 18:52:24 UTC] PHP Parse error:  syntax error, unexpected '=' in /Users/iancampbell/Sites/nelson_demo/includes/simplified.inc.php on line 3
[25-Jun-2018 18:53:05 UTC]  - - - - - - - - - - - - - - - - 
[25-Jun-2018 18:55:54 UTC]  - - - - - - - - - - - - - - - - 
[25-Jun-2018 18:58:44 UTC]  - - - - - - - - - - - - - - - - 
[25-Jun-2018 19:00:06 UTC]  - - - - - - - - - - - - - - - - 
[25-Jun-2018 19:01:46 UTC]  - - - - - - - - - - - - - - - - 
[25-Jun-2018 19:05:30 UTC]  - - - - - - - - - - - - - - - - 
[25-Jun-2018 19:12:02 UTC]  - - - - - - - - - - - - - - - - 
[25-Jun-2018 19:12:53 UTC]  - - - - - - - - - - - - - - - - 
[25-Jun-2018 19:16:46 UTC]  - - - - - - - - - - - - - - - - 
[25-Jun-2018 19:27:11 UTC]  - - - - - - - - - - - - - - - - 
[25-Jun-2018 19:28:25 UTC]  - - - - - - - - - - - - - - - - 
[25-Jun-2018 19:29:59 UTC]  - - - - - - - - - - - - - - - - 
[25-Jun-2018 19:31:36 UTC]  - - - - - - - - - - - - - - - - 
[25-Jun-2018 19:36:08 UTC]  - - - - - - - - - - - - - - - - 
[25-Jun-2018 19:37:57 UTC]  - - - - - - - - - - - - - - - - 
[25-Jun-2018 19:39:00 UTC]  - - - - - - - - - - - - - - - - 
[25-Jun-2018 19:39:27 UTC]  - - - - - - - - - - - - - - - - 
[25-Jun-2018 19:39:51 UTC]  - - - - - - - - - - - - - - - - 
[25-Jun-2018 19:41:04 UTC]  - - - - - - - - - - - - - - - - 
[25-Jun-2018 19:42:17 UTC]  - - - - - - - - - - - - - - - - 
[25-Jun-2018 19:43:11 UTC]  - - - - - - - - - - - - - - - - 
[25-Jun-2018 19:43:46 UTC]  - - - - - - - - - - - - - - - - 
[25-Jun-2018 19:46:35 UTC]  - - - - - - - - - - - - - - - - 
[25-Jun-2018 19:49:28 UTC]  - - - - - - - - - - - - - - - - 
[25-Jun-2018 19:50:17 UTC]  - - - - - - - - - - - - - - - - 
[25-Jun-2018 19:54:39 UTC]  - - - - - - - - - - - - - - - - 
[25-Jun-2018 19:54:54 UTC]  - - - - - - - - - - - - - - - - 
[26-Jun-2018 14:03:39 UTC]  - - - - - - - - - - - - - - - - 
[26-Jun-2018 14:03:39 UTC] PHP Notice:  Undefined index: token in /Users/iancampbell/Sites/nelson_demo/index.php on line 14
[26-Jun-2018 14:17:58 UTC]  - - - - - - - - - - - - - - - - 
[26-Jun-2018 14:20:36 UTC]  - - - - - - - - - - - - - - - - 
[26-Jun-2018 14:22:46 UTC]  - - - - - - - - - - - - - - - - 
[26-Jun-2018 14:24:32 UTC]  - - - - - - - - - - - - - - - - 
[26-Jun-2018 14:25:51 UTC]  - - - - - - - - - - - - - - - - 
[26-Jun-2018 14:30:18 UTC]  - - - - - - - - - - - - - - - - 
[26-Jun-2018 14:31:32 UTC]  - - - - - - - - - - - - - - - - 
[26-Jun-2018 14:36:58 UTC]  - - - - - - - - - - - - - - - - 
[26-Jun-2018 14:40:23 UTC]  - - - - - - - - - - - - - - - - 
[26-Jun-2018 14:41:50 UTC]  - - - - - - - - - - - - - - - - 
[26-Jun-2018 14:42:44 UTC]  - - - - - - - - - - - - - - - - 
[26-Jun-2018 14:44:10 UTC]  - - - - - - - - - - - - - - - - 
[26-Jun-2018 14:45:50 UTC]  - - - - - - - - - - - - - - - - 
[26-Jun-2018 14:48:57 UTC]  - - - - - - - - - - - - - - - - 
[26-Jun-2018 14:50:28 UTC]  - - - - - - - - - - - - - - - - 
[26-Jun-2018 14:52:10 UTC]  - - - - - - - - - - - - - - - - 
[26-Jun-2018 14:52:54 UTC]  - - - - - - - - - - - - - - - - 
[26-Jun-2018 14:53:42 UTC]  - - - - - - - - - - - - - - - - 
[26-Jun-2018 14:58:15 UTC]  - - - - - - - - - - - - - - - - 
[26-Jun-2018 14:59:52 UTC]  - - - - - - - - - - - - - - - - 
[26-Jun-2018 15:01:32 UTC]  - - - - - - - - - - - - - - - - 
[26-Jun-2018 15:03:24 UTC]  - - - - - - - - - - - - - - - - 
[26-Jun-2018 15:07:59 UTC]  - - - - - - - - - - - - - - - - 
[26-Jun-2018 15:08:27 UTC]  - - - - - - - - - - - - - - - - 
[26-Jun-2018 15:08:55 UTC]  - - - - - - - - - - - - - - - - 
[26-Jun-2018 15:09:44 UTC]  - - - - - - - - - - - - - - - - 
[26-Jun-2018 15:29:28 UTC]  - - - - - - - - - - - - - - - - 
[26-Jun-2018 15:38:12 UTC]  - - - - - - - - - - - - - - - - 
[26-Jun-2018 15:40:13 UTC]  - - - - - - - - - - - - - - - - 
[26-Jun-2018 15:43:21 UTC]  - - - - - - - - - - - - - - - - 
[26-Jun-2018 15:44:33 UTC]  - - - - - - - - - - - - - - - - 
[26-Jun-2018 15:45:48 UTC]  - - - - - - - - - - - - - - - - 
[26-Jun-2018 15:47:34 UTC]  - - - - - - - - - - - - - - - - 
[26-Jun-2018 15:49:32 UTC]  - - - - - - - - - - - - - - - - 
[26-Jun-2018 15:52:57 UTC]  - - - - - - - - - - - - - - - - 
[26-Jun-2018 15:55:17 UTC]  - - - - - - - - - - - - - - - - 
[26-Jun-2018 15:56:58 UTC]  - - - - - - - - - - - - - - - - 
[26-Jun-2018 16:02:08 UTC]  - - - - - - - - - - - - - - - - 
[26-Jun-2018 16:02:39 UTC]  - - - - - - - - - - - - - - - - 
[26-Jun-2018 16:05:36 UTC]  - - - - - - - - - - - - - - - - 
[26-Jun-2018 16:06:43 UTC]  - - - - - - - - - - - - - - - - 
[26-Jun-2018 16:07:18 UTC]  - - - - - - - - - - - - - - - - 
[26-Jun-2018 16:11:52 UTC]  - - - - - - - - - - - - - - - - 
[26-Jun-2018 16:12:24 UTC]  - - - - - - - - - - - - - - - - 
[26-Jun-2018 16:16:28 UTC]  - - - - - - - - - - - - - - - - 
[26-Jun-2018 16:17:49 UTC]  - - - - - - - - - - - - - - - - 
[26-Jun-2018 16:21:11 UTC]  - - - - - - - - - - - - - - - - 
[26-Jun-2018 16:22:41 UTC]  - - - - - - - - - - - - - - - - 
[26-Jun-2018 16:29:50 UTC]  - - - - - - - - - - - - - - - - 
[26-Jun-2018 16:35:08 UTC]  - - - - - - - - - - - - - - - - 
[26-Jun-2018 16:37:10 UTC]  - - - - - - - - - - - - - - - - 
[26-Jun-2018 16:40:29 UTC]  - - - - - - - - - - - - - - - - 
[26-Jun-2018 16:44:53 UTC]  - - - - - - - - - - - - - - - - 
[26-Jun-2018 16:45:47 UTC]  - - - - - - - - - - - - - - - - 
[26-Jun-2018 16:49:24 UTC]  - - - - - - - - - - - - - - - - 
[26-Jun-2018 16:52:31 UTC]  - - - - - - - - - - - - - - - - 
[26-Jun-2018 16:53:35 UTC]  - - - - - - - - - - - - - - - - 
[26-Jun-2018 16:54:23 UTC]  - - - - - - - - - - - - - - - - 
[26-Jun-2018 16:55:53 UTC]  - - - - - - - - - - - - - - - - 
[26-Jun-2018 17:00:26 UTC]  - - - - - - - - - - - - - - - - 
[26-Jun-2018 17:02:21 UTC]  - - - - - - - - - - - - - - - - 
[26-Jun-2018 17:06:09 UTC]  - - - - - - - - - - - - - - - - 
[26-Jun-2018 17:08:52 UTC]  - - - - - - - - - - - - - - - - 
[26-Jun-2018 17:09:52 UTC]  - - - - - - - - - - - - - - - - 
[26-Jun-2018 17:10:54 UTC]  - - - - - - - - - - - - - - - - 
[26-Jun-2018 17:16:05 UTC]  - - - - - - - - - - - - - - - - 
[26-Jun-2018 17:17:34 UTC]  - - - - - - - - - - - - - - - - 
[26-Jun-2018 17:18:17 UTC]  - - - - - - - - - - - - - - - - 
[27-Jun-2018 12:52:20 UTC]  - - - - - - - - - - - - - - - - 
[27-Jun-2018 12:52:20 UTC] PHP Notice:  Undefined index: token in /Users/iancampbell/Sites/nelson_demo/index.php on line 14
[27-Jun-2018 13:03:57 UTC]  - - - - - - - - - - - - - - - - 
[27-Jun-2018 13:05:46 UTC]  - - - - - - - - - - - - - - - - 
[27-Jun-2018 13:07:25 UTC]  - - - - - - - - - - - - - - - - 
[27-Jun-2018 13:09:08 UTC]  - - - - - - - - - - - - - - - - 
[27-Jun-2018 13:13:13 UTC]  - - - - - - - - - - - - - - - - 
[27-Jun-2018 19:20:01 UTC]  - - - - - - - - - - - - - - - - 
[27-Jun-2018 19:20:01 UTC] PHP Notice:  Undefined index: token in /Users/iancampbell/Sites/nelson_demo/index.php on line 14
[27-Jun-2018 20:01:16 UTC]  - - - - - - - - - - - - - - - - 
[28-Jun-2018 12:24:34 UTC]  - - - - - - - - - - - - - - - - 
[28-Jun-2018 12:24:34 UTC] PHP Notice:  Undefined index: token in /Users/iancampbell/Sites/nelson_demo/index.php on line 14
[28-Jun-2018 12:33:27 UTC]  - - - - - - - - - - - - - - - - 
[28-Jun-2018 12:39:43 UTC]  - - - - - - - - - - - - - - - - 
[28-Jun-2018 12:49:13 UTC]  - - - - - - - - - - - - - - - - 
[28-Jun-2018 12:50:34 UTC]  - - - - - - - - - - - - - - - - 
[28-Jun-2018 12:52:28 UTC]  - - - - - - - - - - - - - - - - 
[28-Jun-2018 13:01:26 UTC]  - - - - - - - - - - - - - - - - 
[28-Jun-2018 13:04:33 UTC]  - - - - - - - - - - - - - - - - 
[28-Jun-2018 13:06:33 UTC]  - - - - - - - - - - - - - - - - 
[28-Jun-2018 13:09:54 UTC]  - - - - - - - - - - - - - - - - 
[28-Jun-2018 13:11:01 UTC]  - - - - - - - - - - - - - - - - 
[28-Jun-2018 13:14:16 UTC]  - - - - - - - - - - - - - - - - 
[28-Jun-2018 13:15:48 UTC]  - - - - - - - - - - - - - - - - 
[28-Jun-2018 13:16:37 UTC]  - - - - - - - - - - - - - - - - 
[28-Jun-2018 13:30:47 UTC]  - - - - - - - - - - - - - - - - 
[28-Jun-2018 13:33:41 UTC]  - - - - - - - - - - - - - - - - 
[28-Jun-2018 13:36:17 UTC]  - - - - - - - - - - - - - - - - 
[28-Jun-2018 13:38:04 UTC]  - - - - - - - - - - - - - - - - 
[28-Jun-2018 13:39:48 UTC]  - - - - - - - - - - - - - - - - 
[28-Jun-2018 13:53:01 UTC]  - - - - - - - - - - - - - - - - 
[28-Jun-2018 13:54:10 UTC]  - - - - - - - - - - - - - - - - 
[28-Jun-2018 13:57:26 UTC]  - - - - - - - - - - - - - - - - 
[28-Jun-2018 14:01:26 UTC]  - - - - - - - - - - - - - - - - 
[28-Jun-2018 14:05:06 UTC]  - - - - - - - - - - - - - - - - 
[28-Jun-2018 14:06:07 UTC]  - - - - - - - - - - - - - - - - 
[28-Jun-2018 14:09:37 UTC]  - - - - - - - - - - - - - - - - 
[28-Jun-2018 14:10:55 UTC]  - - - - - - - - - - - - - - - - 
[28-Jun-2018 14:13:00 UTC]  - - - - - - - - - - - - - - - - 
[28-Jun-2018 14:14:49 UTC]  - - - - - - - - - - - - - - - - 
[28-Jun-2018 14:17:13 UTC]  - - - - - - - - - - - - - - - - 
[28-Jun-2018 14:19:48 UTC]  - - - - - - - - - - - - - - - - 
[28-Jun-2018 14:21:07 UTC]  - - - - - - - - - - - - - - - - 
[28-Jun-2018 14:21:49 UTC]  - - - - - - - - - - - - - - - - 
[28-Jun-2018 15:03:40 UTC]  - - - - - - - - - - - - - - - - 
[28-Jun-2018 15:06:13 UTC]  - - - - - - - - - - - - - - - - 
[28-Jun-2018 15:07:06 UTC]  - - - - - - - - - - - - - - - - 
[28-Jun-2018 15:41:51 UTC]  - - - - - - - - - - - - - - - - 
[28-Jun-2018 15:54:05 UTC]  - - - - - - - - - - - - - - - - 
[28-Jun-2018 15:55:10 UTC]  - - - - - - - - - - - - - - - - 
[28-Jun-2018 16:17:28 UTC]  - - - - - - - - - - - - - - - - 
[28-Jun-2018 16:19:58 UTC]  - - - - - - - - - - - - - - - - 
[28-Jun-2018 16:21:26 UTC]  - - - - - - - - - - - - - - - - 
[28-Jun-2018 16:22:17 UTC]  - - - - - - - - - - - - - - - - 
[28-Jun-2018 16:23:19 UTC]  - - - - - - - - - - - - - - - - 
[28-Jun-2018 16:24:41 UTC]  - - - - - - - - - - - - - - - - 
[28-Jun-2018 16:25:34 UTC]  - - - - - - - - - - - - - - - - 
[28-Jun-2018 16:39:25 UTC]  - - - - - - - - - - - - - - - - 
[28-Jun-2018 16:41:34 UTC]  - - - - - - - - - - - - - - - - 
[28-Jun-2018 16:57:27 UTC]  - - - - - - - - - - - - - - - - 
[28-Jun-2018 17:19:20 UTC]  - - - - - - - - - - - - - - - - 
[28-Jun-2018 17:21:48 UTC]  - - - - - - - - - - - - - - - - 
[28-Jun-2018 17:23:50 UTC]  - - - - - - - - - - - - - - - - 
[28-Jun-2018 17:30:23 UTC]  - - - - - - - - - - - - - - - - 
[28-Jun-2018 17:35:23 UTC]  - - - - - - - - - - - - - - - - 
[28-Jun-2018 17:36:54 UTC]  - - - - - - - - - - - - - - - - 
[28-Jun-2018 17:37:22 UTC]  - - - - - - - - - - - - - - - - 
[28-Jun-2018 17:37:50 UTC]  - - - - - - - - - - - - - - - - 
[28-Jun-2018 17:39:32 UTC]  - - - - - - - - - - - - - - - - 
[28-Jun-2018 17:42:08 UTC]  - - - - - - - - - - - - - - - - 
[28-Jun-2018 17:43:38 UTC]  - - - - - - - - - - - - - - - - 
[28-Jun-2018 17:55:19 UTC]  - - - - - - - - - - - - - - - - 
[28-Jun-2018 17:56:22 UTC]  - - - - - - - - - - - - - - - - 
[28-Jun-2018 17:58:43 UTC]  - - - - - - - - - - - - - - - - 
[28-Jun-2018 17:59:32 UTC]  - - - - - - - - - - - - - - - - 
[28-Jun-2018 18:02:04 UTC]  - - - - - - - - - - - - - - - - 
[28-Jun-2018 18:04:20 UTC]  - - - - - - - - - - - - - - - - 
[28-Jun-2018 18:09:29 UTC]  - - - - - - - - - - - - - - - - 
[28-Jun-2018 18:13:16 UTC]  - - - - - - - - - - - - - - - - 
[29-Jun-2018 13:26:53 UTC]  - - - - - - - - - - - - - - - - 
[29-Jun-2018 13:26:53 UTC] PHP Notice:  Undefined index: token in /Users/iancampbell/Sites/nelson_demo/index.php on line 14
[29-Jun-2018 13:30:18 UTC]  - - - - - - - - - - - - - - - - 
[29-Jun-2018 14:19:20 UTC]  - - - - - - - - - - - - - - - - 
[29-Jun-2018 14:20:35 UTC]  - - - - - - - - - - - - - - - - 
[29-Jun-2018 14:24:34 UTC]  - - - - - - - - - - - - - - - - 
[29-Jun-2018 14:31:06 UTC]  - - - - - - - - - - - - - - - - 
[29-Jun-2018 14:43:27 UTC]  - - - - - - - - - - - - - - - - 
[29-Jun-2018 15:00:25 UTC]  - - - - - - - - - - - - - - - - 
[29-Jun-2018 15:12:32 UTC]  - - - - - - - - - - - - - - - - 
[29-Jun-2018 15:16:32 UTC]  - - - - - - - - - - - - - - - - 
[29-Jun-2018 15:36:19 UTC]  - - - - - - - - - - - - - - - - 
[29-Jun-2018 16:18:15 UTC]  - - - - - - - - - - - - - - - - 
[29-Jun-2018 16:18:15 UTC] PHP Notice:  Undefined index: token in /Users/iancampbell/Sites/nelson_demo/index.php on line 14
[29-Jun-2018 17:06:48 UTC]  - - - - - - - - - - - - - - - - 
[29-Jun-2018 17:06:48 UTC] PHP Notice:  Undefined index: token in /Users/iancampbell/Sites/nelson_demo/index.php on line 14
[29-Jun-2018 17:10:42 UTC]  - - - - - - - - - - - - - - - - 
[29-Jun-2018 17:12:44 UTC]  - - - - - - - - - - - - - - - - 
[29-Jun-2018 17:17:07 UTC]  - - - - - - - - - - - - - - - - 
[29-Jun-2018 17:22:23 UTC]  - - - - - - - - - - - - - - - - 
[29-Jun-2018 17:25:39 UTC]  - - - - - - - - - - - - - - - - 
[29-Jun-2018 17:28:27 UTC]  - - - - - - - - - - - - - - - - 
[29-Jun-2018 17:50:10 UTC]  - - - - - - - - - - - - - - - - 
[29-Jun-2018 18:07:57 UTC]  - - - - - - - - - - - - - - - - 
[29-Jun-2018 18:14:57 UTC]  - - - - - - - - - - - - - - - - 
[29-Jun-2018 18:16:06 UTC]  - - - - - - - - - - - - - - - - 
[29-Jun-2018 18:16:06 UTC] PHP Notice:  Undefined index: token in /Users/iancampbell/Sites/nelson_demo/index.php on line 14
[29-Jun-2018 18:30:52 UTC]  - - - - - - - - - - - - - - - - 
[29-Jun-2018 18:40:58 UTC]  - - - - - - - - - - - - - - - - 
[29-Jun-2018 18:42:08 UTC]  - - - - - - - - - - - - - - - - 
[29-Jun-2018 18:45:59 UTC]  - - - - - - - - - - - - - - - - 
[29-Jun-2018 18:52:23 UTC]  - - - - - - - - - - - - - - - - 
[29-Jun-2018 19:35:04 UTC]  - - - - - - - - - - - - - - - - 
[29-Jun-2018 19:38:59 UTC]  - - - - - - - - - - - - - - - - 
[30-Jun-2018 14:44:31 UTC]  - - - - - - - - - - - - - - - - 
[30-Jun-2018 14:52:07 UTC]  - - - - - - - - - - - - - - - - 
[30-Jun-2018 14:57:23 UTC]  - - - - - - - - - - - - - - - - 
[30-Jun-2018 14:58:31 UTC]  - - - - - - - - - - - - - - - - 
[30-Jun-2018 15:04:17 UTC]  - - - - - - - - - - - - - - - - 
[30-Jun-2018 15:05:07 UTC]  - - - - - - - - - - - - - - - - 
[30-Jun-2018 15:07:39 UTC]  - - - - - - - - - - - - - - - - 
[30-Jun-2018 15:12:27 UTC]  - - - - - - - - - - - - - - - - 
[30-Jun-2018 15:15:18 UTC]  - - - - - - - - - - - - - - - - 
[30-Jun-2018 15:17:10 UTC]  - - - - - - - - - - - - - - - - 
[30-Jun-2018 15:24:33 UTC]  - - - - - - - - - - - - - - - - 
[30-Jun-2018 15:25:05 UTC]  - - - - - - - - - - - - - - - - 
[30-Jun-2018 15:26:00 UTC]  - - - - - - - - - - - - - - - - 
[30-Jun-2018 15:31:04 UTC]  - - - - - - - - - - - - - - - - 
[30-Jun-2018 15:37:23 UTC]  - - - - - - - - - - - - - - - - 
[30-Jun-2018 15:38:40 UTC]  - - - - - - - - - - - - - - - - 
[30-Jun-2018 15:43:02 UTC]  - - - - - - - - - - - - - - - - 
[30-Jun-2018 15:54:55 UTC]  - - - - - - - - - - - - - - - - 
[30-Jun-2018 15:57:16 UTC]  - - - - - - - - - - - - - - - - 
[30-Jun-2018 15:59:46 UTC]  - - - - - - - - - - - - - - - - 
[30-Jun-2018 16:00:36 UTC]  - - - - - - - - - - - - - - - - 
[30-Jun-2018 16:01:32 UTC]  - - - - - - - - - - - - - - - - 
[30-Jun-2018 16:03:59 UTC]  - - - - - - - - - - - - - - - - 
[30-Jun-2018 16:06:23 UTC]  - - - - - - - - - - - - - - - - 
[30-Jun-2018 16:09:12 UTC]  - - - - - - - - - - - - - - - - 
[30-Jun-2018 16:10:34 UTC]  - - - - - - - - - - - - - - - - 
[30-Jun-2018 16:13:02 UTC]  - - - - - - - - - - - - - - - - 
[30-Jun-2018 16:14:22 UTC]  - - - - - - - - - - - - - - - - 
[30-Jun-2018 16:15:01 UTC]  - - - - - - - - - - - - - - - - 
[30-Jun-2018 16:15:55 UTC]  - - - - - - - - - - - - - - - - 
[30-Jun-2018 16:17:18 UTC]  - - - - - - - - - - - - - - - - 
[30-Jun-2018 16:18:06 UTC]  - - - - - - - - - - - - - - - - 
[30-Jun-2018 16:18:10 UTC]  - - - - - - - - - - - - - - - - 
